[     465ms] [INFO] %cDownload the React DevTools for a better development experience: https://reactjs.org/link/react-devtools font-weight:bold @ http://localhost:5173/node_modules/.vite/deps/chunk-WERSD76P.js?v=de16e338:21550
[  976183ms] ReferenceError: Cannot access 'payment' before initialization
    at ConfirmPayment (http://localhost:5173/src/pages/worker/ConfirmPayment.jsx:42:22)
    at renderWithHooks (http://localhost:5173/node_modules/.vite/deps/chunk-WERSD76P.js?v=de16e338:11548:26)
    at mountIndeterminateComponent (http://localhost:5173/node_modules/.vite/deps/chunk-WERSD76P.js?v=de16e338:14926:21)
    at beginWork (http://localhost:5173/node_modules/.vite/deps/chunk-WERSD76P.js?v=de16e338:15914:22)
    at HTMLUnknownElement.callCallback2 (http://localhost:5173/node_modules/.vite/deps/chunk-WERSD76P.js?v=de16e338:3674:22)
    at Object.invokeGuardedCallbackDev (http://localhost:5173/node_modules/.vite/deps/chunk-WERSD76P.js?v=de16e338:3699:24)
    at invokeGuardedCallback (http://localhost:5173/node_modules/.vite/deps/chunk-WERSD76P.js?v=de16e338:3733:39)
    at beginWork$1 (http://localhost:5173/node_modules/.vite/deps/chunk-WERSD76P.js?v=de16e338:19765:15)
    at performUnitOfWork (http://localhost:5173/node_modules/.vite/deps/chunk-WERSD76P.js?v=de16e338:19198:20)
    at workLoopConcurrent (http://localhost:5173/node_modules/.vite/deps/chunk-WERSD76P.js?v=de16e338:19189:13)
[  976206ms] ReferenceError: Cannot access 'payment' before initialization
    at ConfirmPayment (http://localhost:5173/src/pages/worker/ConfirmPayment.jsx:42:22)
    at renderWithHooks (http://localhost:5173/node_modules/.vite/deps/chunk-WERSD76P.js?v=de16e338:11548:26)
    at mountIndeterminateComponent (http://localhost:5173/node_modules/.vite/deps/chunk-WERSD76P.js?v=de16e338:14926:21)
    at beginWork (http://localhost:5173/node_modules/.vite/deps/chunk-WERSD76P.js?v=de16e338:15914:22)
    at HTMLUnknownElement.callCallback2 (http://localhost:5173/node_modules/.vite/deps/chunk-WERSD76P.js?v=de16e338:3674:22)
    at Object.invokeGuardedCallbackDev (http://localhost:5173/node_modules/.vite/deps/chunk-WERSD76P.js?v=de16e338:3699:24)
    at invokeGuardedCallback (http://localhost:5173/node_modules/.vite/deps/chunk-WERSD76P.js?v=de16e338:3733:39)
    at beginWork$1 (http://localhost:5173/node_modules/.vite/deps/chunk-WERSD76P.js?v=de16e338:19765:15)
    at performUnitOfWork (http://localhost:5173/node_modules/.vite/deps/chunk-WERSD76P.js?v=de16e338:19198:20)
    at workLoopSync (http://localhost:5173/node_modules/.vite/deps/chunk-WERSD76P.js?v=de16e338:19137:13)
[  976211ms] [ERROR] The above error occurred in the <ConfirmPayment> component:

    at ConfirmPayment (http://localhost:5173/src/pages/worker/ConfirmPayment.jsx:28:25)
    at RenderedRoute (http://localhost:5173/node_modules/.vite/deps/react-router-dom.js?v=de16e338:4131:5)
    at Outlet (http://localhost:5173/node_modules/.vite/deps/react-router-dom.js?v=de16e338:4537:26)
    at main
    at div
    at div
    at WorkerLayout (http://localhost:5173/src/components/layout/WorkerLayout.jsx:79:41)
    at RenderedRoute (http://localhost:5173/node_modules/.vite/deps/react-router-dom.js?v=de16e338:4131:5)
    at Outlet (http://localhost:5173/node_modules/.vite/deps/react-router-dom.js?v=de16e338:4537:26)
    at ProtectedRoute (http://localhost:5173/src/components/auth/ProtectedRoute.jsx:20:34)
    at RenderedRoute (http://localhost:5173/node_modules/.vite/deps/react-router-dom.js?v=de16e338:4131:5)
    at Routes (http://localhost:5173/node_modules/.vite/deps/react-router-dom.js?v=de16e338:4601:5)
    at App
    at AuthProvider (http://localhost:5173/src/contexts/AuthContext.jsx:21:32)
    at QueryClientProvider (http://localhost:5173/node_modules/.vite/deps/@tanstack_react-query.js?v=de16e338:3235:3)
    at Router (http://localhost:5173/node_modules/.vite/deps/react-router-dom.js?v=de16e338:4544:15)
    at BrowserRouter (http://localhost:5173/node_modules/.vite/deps/react-router-dom.js?v=de16e338:5290:5)

Consider adding an error boundary to your tree to customize error handling behavior.
Visit https://reactjs.org/link/error-boundaries to learn more about error boundaries. @ http://localhost:5173/node_modules/.vite/deps/chunk-WERSD76P.js?v=de16e338:14031
[  976214ms] ReferenceError: Cannot access 'payment' before initialization
    at ConfirmPayment (http://localhost:5173/src/pages/worker/ConfirmPayment.jsx:42:22)
    at renderWithHooks (http://localhost:5173/node_modules/.vite/deps/chunk-WERSD76P.js?v=de16e338:11548:26)
    at mountIndeterminateComponent (http://localhost:5173/node_modules/.vite/deps/chunk-WERSD76P.js?v=de16e338:14926:21)
    at beginWork (http://localhost:5173/node_modules/.vite/deps/chunk-WERSD76P.js?v=de16e338:15914:22)
    at beginWork$1 (http://localhost:5173/node_modules/.vite/deps/chunk-WERSD76P.js?v=de16e338:19753:22)
    at performUnitOfWork (http://localhost:5173/node_modules/.vite/deps/chunk-WERSD76P.js?v=de16e338:19198:20)
    at workLoopSync (http://localhost:5173/node_modules/.vite/deps/chunk-WERSD76P.js?v=de16e338:19137:13)
    at renderRootSync (http://localhost:5173/node_modules/.vite/deps/chunk-WERSD76P.js?v=de16e338:19116:15)
    at recoverFromConcurrentError (http://localhost:5173/node_modules/.vite/deps/chunk-WERSD76P.js?v=de16e338:18736:28)
    at performConcurrentWorkOnRoot (http://localhost:5173/node_modules/.vite/deps/chunk-WERSD76P.js?v=de16e338:18684:30)
[ 1031058ms] [INFO] %cDownload the React DevTools for a better development experience: https://reactjs.org/link/react-devtools font-weight:bold @ http://localhost:5173/node_modules/.vite/deps/chunk-WERSD76P.js?v=de16e338:21550
[ 1041937ms] ReferenceError: Cannot access 'payment' before initialization
    at ConfirmPayment (http://localhost:5173/src/pages/worker/ConfirmPayment.jsx:42:22)
    at renderWithHooks (http://localhost:5173/node_modules/.vite/deps/chunk-WERSD76P.js?v=de16e338:11548:26)
    at mountIndeterminateComponent (http://localhost:5173/node_modules/.vite/deps/chunk-WERSD76P.js?v=de16e338:14926:21)
    at beginWork (http://localhost:5173/node_modules/.vite/deps/chunk-WERSD76P.js?v=de16e338:15914:22)
    at HTMLUnknownElement.callCallback2 (http://localhost:5173/node_modules/.vite/deps/chunk-WERSD76P.js?v=de16e338:3674:22)
    at Object.invokeGuardedCallbackDev (http://localhost:5173/node_modules/.vite/deps/chunk-WERSD76P.js?v=de16e338:3699:24)
    at invokeGuardedCallback (http://localhost:5173/node_modules/.vite/deps/chunk-WERSD76P.js?v=de16e338:3733:39)
    at beginWork$1 (http://localhost:5173/node_modules/.vite/deps/chunk-WERSD76P.js?v=de16e338:19765:15)
    at performUnitOfWork (http://localhost:5173/node_modules/.vite/deps/chunk-WERSD76P.js?v=de16e338:19198:20)
    at workLoopConcurrent (http://localhost:5173/node_modules/.vite/deps/chunk-WERSD76P.js?v=de16e338:19189:13)
[ 1041960ms] ReferenceError: Cannot access 'payment' before initialization
    at ConfirmPayment (http://localhost:5173/src/pages/worker/ConfirmPayment.jsx:42:22)
    at renderWithHooks (http://localhost:5173/node_modules/.vite/deps/chunk-WERSD76P.js?v=de16e338:11548:26)
    at mountIndeterminateComponent (http://localhost:5173/node_modules/.vite/deps/chunk-WERSD76P.js?v=de16e338:14926:21)
    at beginWork (http://localhost:5173/node_modules/.vite/deps/chunk-WERSD76P.js?v=de16e338:15914:22)
    at HTMLUnknownElement.callCallback2 (http://localhost:5173/node_modules/.vite/deps/chunk-WERSD76P.js?v=de16e338:3674:22)
    at Object.invokeGuardedCallbackDev (http://localhost:5173/node_modules/.vite/deps/chunk-WERSD76P.js?v=de16e338:3699:24)
    at invokeGuardedCallback (http://localhost:5173/node_modules/.vite/deps/chunk-WERSD76P.js?v=de16e338:3733:39)
    at beginWork$1 (http://localhost:5173/node_modules/.vite/deps/chunk-WERSD76P.js?v=de16e338:19765:15)
    at performUnitOfWork (http://localhost:5173/node_modules/.vite/deps/chunk-WERSD76P.js?v=de16e338:19198:20)
    at workLoopSync (http://localhost:5173/node_modules/.vite/deps/chunk-WERSD76P.js?v=de16e338:19137:13)
[ 1041965ms] [ERROR] The above error occurred in the <ConfirmPayment> component:

    at ConfirmPayment (http://localhost:5173/src/pages/worker/ConfirmPayment.jsx:28:25)
    at RenderedRoute (http://localhost:5173/node_modules/.vite/deps/react-router-dom.js?v=de16e338:4131:5)
    at Outlet (http://localhost:5173/node_modules/.vite/deps/react-router-dom.js?v=de16e338:4537:26)
    at main
    at div
    at div
    at WorkerLayout (http://localhost:5173/src/components/layout/WorkerLayout.jsx:79:41)
    at RenderedRoute (http://localhost:5173/node_modules/.vite/deps/react-router-dom.js?v=de16e338:4131:5)
    at Outlet (http://localhost:5173/node_modules/.vite/deps/react-router-dom.js?v=de16e338:4537:26)
    at ProtectedRoute (http://localhost:5173/src/components/auth/ProtectedRoute.jsx:20:34)
    at RenderedRoute (http://localhost:5173/node_modules/.vite/deps/react-router-dom.js?v=de16e338:4131:5)
    at Routes (http://localhost:5173/node_modules/.vite/deps/react-router-dom.js?v=de16e338:4601:5)
    at App
    at AuthProvider (http://localhost:5173/src/contexts/AuthContext.jsx:21:32)
    at QueryClientProvider (http://localhost:5173/node_modules/.vite/deps/@tanstack_react-query.js?v=de16e338:3235:3)
    at Router (http://localhost:5173/node_modules/.vite/deps/react-router-dom.js?v=de16e338:4544:15)
    at BrowserRouter (http://localhost:5173/node_modules/.vite/deps/react-router-dom.js?v=de16e338:5290:5)

Consider adding an error boundary to your tree to customize error handling behavior.
Visit https://reactjs.org/link/error-boundaries to learn more about error boundaries. @ http://localhost:5173/node_modules/.vite/deps/chunk-WERSD76P.js?v=de16e338:14031
[ 1041966ms] ReferenceError: Cannot access 'payment' before initialization
    at ConfirmPayment (http://localhost:5173/src/pages/worker/ConfirmPayment.jsx:42:22)
    at renderWithHooks (http://localhost:5173/node_modules/.vite/deps/chunk-WERSD76P.js?v=de16e338:11548:26)
    at mountIndeterminateComponent (http://localhost:5173/node_modules/.vite/deps/chunk-WERSD76P.js?v=de16e338:14926:21)
    at beginWork (http://localhost:5173/node_modules/.vite/deps/chunk-WERSD76P.js?v=de16e338:15914:22)
    at beginWork$1 (http://localhost:5173/node_modules/.vite/deps/chunk-WERSD76P.js?v=de16e338:19753:22)
    at performUnitOfWork (http://localhost:5173/node_modules/.vite/deps/chunk-WERSD76P.js?v=de16e338:19198:20)
    at workLoopSync (http://localhost:5173/node_modules/.vite/deps/chunk-WERSD76P.js?v=de16e338:19137:13)
    at renderRootSync (http://localhost:5173/node_modules/.vite/deps/chunk-WERSD76P.js?v=de16e338:19116:15)
    at recoverFromConcurrentError (http://localhost:5173/node_modules/.vite/deps/chunk-WERSD76P.js?v=de16e338:18736:28)
    at performConcurrentWorkOnRoot (http://localhost:5173/node_modules/.vite/deps/chunk-WERSD76P.js?v=de16e338:18684:30)
[ 1468065ms] [INFO] %cDownload the React DevTools for a better development experience: https://reactjs.org/link/react-devtools font-weight:bold @ http://localhost:5173/node_modules/.vite/deps/chunk-WERSD76P.js?v=de16e338:21550
[ 2347235ms] [INFO] %cDownload the React DevTools for a better development experience: https://reactjs.org/link/react-devtools font-weight:bold @ http://localhost:5173/node_modules/.vite/deps/chunk-WERSD76P.js?v=de16e338:21550
