[     708ms] [INFO] %cDownload the React DevTools for a better development experience: https://reactjs.org/link/react-devtools font-weight:bold @ http://localhost:5173/node_modules/.vite/deps/chunk-WERSD76P.js?v=de16e338:21550
[   64975ms] [ERROR] Failed to load resource: net::ERR_NETWORK_CHANGED @ https://omcakemsuifgfanvepbs.supabase.co/rest/v1/profiles?select=*&user_id=eq.7c775828-0b13-4b93-9b3e-8a32b34f5594:0
[   64984ms] [ERROR] Failed to load resource: net::ERR_NETWORK_CHANGED @ https://omcakemsuifgfanvepbs.supabase.co/rest/v1/profiles?select=*&user_id=eq.7c775828-0b13-4b93-9b3e-8a32b34f5594:0
[   64985ms] [ERROR] Failed to load resource: net::ERR_NETWORK_CHANGED @ https://omcakemsuifgfanvepbs.supabase.co/rest/v1/profiles?select=*&user_id=eq.7c775828-0b13-4b93-9b3e-8a32b34f5594:0
[   76666ms] [ERROR] Failed to load resource: net::ERR_NETWORK_CHANGED @ https://omcakemsuifgfanvepbs.supabase.co/rest/v1/profiles?select=*&user_id=eq.7c775828-0b13-4b93-9b3e-8a32b34f5594:0
[   76668ms] [ERROR] Failed to load resource: net::ERR_NETWORK_CHANGED @ https://omcakemsuifgfanvepbs.supabase.co/rest/v1/profiles?select=*&user_id=eq.7c775828-0b13-4b93-9b3e-8a32b34f5594:0
[   76670ms] [ERROR] Failed to load resource: net::ERR_NETWORK_CHANGED @ https://omcakemsuifgfanvepbs.supabase.co/rest/v1/profiles?select=*&user_id=eq.7c775828-0b13-4b93-9b3e-8a32b34f5594:0
[   79192ms] [ERROR] Failed to load resource: net::ERR_INTERNET_DISCONNECTED @ https://omcakemsuifgfanvepbs.supabase.co/rest/v1/profiles?select=*&user_id=eq.7c775828-0b13-4b93-9b3e-8a32b34f5594:0
[   79194ms] [ERROR] Failed to load resource: net::ERR_INTERNET_DISCONNECTED @ https://omcakemsuifgfanvepbs.supabase.co/rest/v1/profiles?select=*&user_id=eq.7c775828-0b13-4b93-9b3e-8a32b34f5594:0
[   79194ms] [ERROR] Failed to load resource: net::ERR_INTERNET_DISCONNECTED @ https://omcakemsuifgfanvepbs.supabase.co/rest/v1/profiles?select=*&user_id=eq.7c775828-0b13-4b93-9b3e-8a32b34f5594:0
[   88929ms] [ERROR] Failed to load resource: net::ERR_NETWORK_CHANGED @ https://omcakemsuifgfanvepbs.supabase.co/rest/v1/profiles?select=*&user_id=eq.7c775828-0b13-4b93-9b3e-8a32b34f5594:0
[   88930ms] [ERROR] Failed to load resource: net::ERR_NETWORK_CHANGED @ https://omcakemsuifgfanvepbs.supabase.co/rest/v1/profiles?select=*&user_id=eq.7c775828-0b13-4b93-9b3e-8a32b34f5594:0
[   88960ms] [ERROR] Failed to load resource: net::ERR_NETWORK_CHANGED @ https://omcakemsuifgfanvepbs.supabase.co/rest/v1/profiles?select=*&user_id=eq.7c775828-0b13-4b93-9b3e-8a32b34f5594:0
[  119758ms] [ERROR] Failed to load resource: net::ERR_NAME_NOT_RESOLVED @ https://omcakemsuifgfanvepbs.supabase.co/rest/v1/payment_acknowledgments?select=*&job_id=eq.c1c90b06-3197-4d10-aadf-f889d491e4d8:0
[  119760ms] [ERROR] Failed to load resource: net::ERR_NAME_NOT_RESOLVED @ https://omcakemsuifgfanvepbs.supabase.co/rest/v1/jobs?select=*%2Cemployer%3Aprofiles%21jobs_employer_id_fkey%28id%2Cfull_name%2Cavatar_url%2Crating_average%2Ccity%29%2Cselected_worker%3Aprofiles%21jobs_selected_worker_id_fkey%28id%2Cfull_name%2Cavatar_url%2Crating_average%29&id=eq.c1c90b06-3197-4d10-aadf-f889d491e4d8:0
[  147265ms] [ERROR] Failed to load resource: net::ERR_NETWORK_CHANGED @ https://omcakemsuifgfanvepbs.supabase.co/rest/v1/jobs?select=*%2Cemployer%3Aprofiles%21jobs_employer_id_fkey%28id%2Cfull_name%2Cavatar_url%2Crating_average%2Ccity%29%2Cselected_worker%3Aprofiles%21jobs_selected_worker_id_fkey%28id%2Cfull_name%2Cavatar_url%2Crating_average%29&id=eq.c1c90b06-3197-4d10-aadf-f889d491e4d8:0
[  147267ms] [ERROR] Failed to load resource: net::ERR_NETWORK_CHANGED @ https://omcakemsuifgfanvepbs.supabase.co/rest/v1/payment_acknowledgments?select=*&job_id=eq.c1c90b06-3197-4d10-aadf-f889d491e4d8:0
[  149343ms] [ERROR] Failed to load resource: net::ERR_INTERNET_DISCONNECTED @ https://omcakemsuifgfanvepbs.supabase.co/rest/v1/jobs?select=*%2Cemployer%3Aprofiles%21jobs_employer_id_fkey%28id%2Cfull_name%2Cavatar_url%2Crating_average%2Ccity%29%2Cselected_worker%3Aprofiles%21jobs_selected_worker_id_fkey%28id%2Cfull_name%2Cavatar_url%2Crating_average%29&id=eq.c1c90b06-3197-4d10-aadf-f889d491e4d8:0
[  149344ms] [ERROR] Failed to load resource: net::ERR_INTERNET_DISCONNECTED @ https://omcakemsuifgfanvepbs.supabase.co/rest/v1/payment_acknowledgments?select=*&job_id=eq.c1c90b06-3197-4d10-aadf-f889d491e4d8:0
[  153349ms] [ERROR] Failed to load resource: net::ERR_INTERNET_DISCONNECTED @ https://omcakemsuifgfanvepbs.supabase.co/rest/v1/jobs?select=*%2Cemployer%3Aprofiles%21jobs_employer_id_fkey%28id%2Cfull_name%2Cavatar_url%2Crating_average%2Ccity%29%2Cselected_worker%3Aprofiles%21jobs_selected_worker_id_fkey%28id%2Cfull_name%2Cavatar_url%2Crating_average%29&id=eq.c1c90b06-3197-4d10-aadf-f889d491e4d8:0
[  153352ms] [ERROR] Failed to load resource: net::ERR_INTERNET_DISCONNECTED @ https://omcakemsuifgfanvepbs.supabase.co/rest/v1/payment_acknowledgments?select=*&job_id=eq.c1c90b06-3197-4d10-aadf-f889d491e4d8:0
[  185388ms] [ERROR] Failed to load resource: net::ERR_NAME_NOT_RESOLVED @ https://omcakemsuifgfanvepbs.supabase.co/rest/v1/payment_acknowledgments?select=*&job_id=eq.c1c90b06-3197-4d10-aadf-f889d491e4d8:0
[  185391ms] [ERROR] Failed to load resource: net::ERR_NAME_NOT_RESOLVED @ https://omcakemsuifgfanvepbs.supabase.co/rest/v1/jobs?select=*%2Cemployer%3Aprofiles%21jobs_employer_id_fkey%28id%2Cfull_name%2Cavatar_url%2Crating_average%2Ccity%29%2Cselected_worker%3Aprofiles%21jobs_selected_worker_id_fkey%28id%2Cfull_name%2Cavatar_url%2Crating_average%29&id=eq.c1c90b06-3197-4d10-aadf-f889d491e4d8:0
[  186407ms] [ERROR] Failed to load resource: net::ERR_NAME_NOT_RESOLVED @ https://omcakemsuifgfanvepbs.supabase.co/rest/v1/payment_acknowledgments?select=*&job_id=eq.c1c90b06-3197-4d10-aadf-f889d491e4d8:0
[  186408ms] [ERROR] Failed to load resource: net::ERR_NAME_NOT_RESOLVED @ https://omcakemsuifgfanvepbs.supabase.co/rest/v1/jobs?select=*%2Cemployer%3Aprofiles%21jobs_employer_id_fkey%28id%2Cfull_name%2Cavatar_url%2Crating_average%2Ccity%29%2Cselected_worker%3Aprofiles%21jobs_selected_worker_id_fkey%28id%2Cfull_name%2Cavatar_url%2Crating_average%29&id=eq.c1c90b06-3197-4d10-aadf-f889d491e4d8:0
[  198431ms] [ERROR] Failed to load resource: net::ERR_NAME_NOT_RESOLVED @ https://omcakemsuifgfanvepbs.supabase.co/rest/v1/jobs?select=*%2Cemployer%3Aprofiles%21jobs_employer_id_fkey%28id%2Cfull_name%2Cavatar_url%2Crating_average%2Ccity%29%2Cselected_worker%3Aprofiles%21jobs_selected_worker_id_fkey%28id%2Cfull_name%2Cavatar_url%2Crating_average%29&id=eq.c1c90b06-3197-4d10-aadf-f889d491e4d8:0
[  198439ms] [ERROR] Failed to load resource: net::ERR_NAME_NOT_RESOLVED @ https://omcakemsuifgfanvepbs.supabase.co/rest/v1/payment_acknowledgments?select=*&job_id=eq.c1c90b06-3197-4d10-aadf-f889d491e4d8:0
[  202453ms] [ERROR] Failed to load resource: net::ERR_NAME_NOT_RESOLVED @ https://omcakemsuifgfanvepbs.supabase.co/rest/v1/jobs?select=*%2Cemployer%3Aprofiles%21jobs_employer_id_fkey%28id%2Cfull_name%2Cavatar_url%2Crating_average%2Ccity%29%2Cselected_worker%3Aprofiles%21jobs_selected_worker_id_fkey%28id%2Cfull_name%2Cavatar_url%2Crating_average%29&id=eq.c1c90b06-3197-4d10-aadf-f889d491e4d8:0
[  202455ms] [ERROR] Failed to load resource: net::ERR_NAME_NOT_RESOLVED @ https://omcakemsuifgfanvepbs.supabase.co/rest/v1/payment_acknowledgments?select=*&job_id=eq.c1c90b06-3197-4d10-aadf-f889d491e4d8:0
[  204475ms] [ERROR] Failed to load resource: net::ERR_NAME_NOT_RESOLVED @ https://omcakemsuifgfanvepbs.supabase.co/rest/v1/jobs?select=*%2Cemployer%3Aprofiles%21jobs_employer_id_fkey%28id%2Cfull_name%2Cavatar_url%2Crating_average%2Ccity%29%2Cselected_worker%3Aprofiles%21jobs_selected_worker_id_fkey%28id%2Cfull_name%2Cavatar_url%2Crating_average%29&id=eq.c1c90b06-3197-4d10-aadf-f889d491e4d8:0
[  204479ms] [ERROR] Failed to load resource: net::ERR_NAME_NOT_RESOLVED @ https://omcakemsuifgfanvepbs.supabase.co/rest/v1/payment_acknowledgments?select=*&job_id=eq.c1c90b06-3197-4d10-aadf-f889d491e4d8:0
[  205489ms] [ERROR] Failed to load resource: net::ERR_NAME_NOT_RESOLVED @ https://omcakemsuifgfanvepbs.supabase.co/rest/v1/jobs?select=*%2Cemployer%3Aprofiles%21jobs_employer_id_fkey%28id%2Cfull_name%2Cavatar_url%2Crating_average%2Ccity%29%2Cselected_worker%3Aprofiles%21jobs_selected_worker_id_fkey%28id%2Cfull_name%2Cavatar_url%2Crating_average%29&id=eq.c1c90b06-3197-4d10-aadf-f889d491e4d8:0
[  205490ms] [ERROR] Failed to load resource: net::ERR_NAME_NOT_RESOLVED @ https://omcakemsuifgfanvepbs.supabase.co/rest/v1/payment_acknowledgments?select=*&job_id=eq.c1c90b06-3197-4d10-aadf-f889d491e4d8:0
[  207576ms] [ERROR] Failed to load resource: net::ERR_INTERNET_DISCONNECTED @ https://omcakemsuifgfanvepbs.supabase.co/rest/v1/payment_acknowledgments?select=*&job_id=eq.c1c90b06-3197-4d10-aadf-f889d491e4d8:0
[  207617ms] [ERROR] Failed to load resource: net::ERR_INTERNET_DISCONNECTED @ https://omcakemsuifgfanvepbs.supabase.co/rest/v1/jobs?select=*%2Cemployer%3Aprofiles%21jobs_employer_id_fkey%28id%2Cfull_name%2Cavatar_url%2Crating_average%2Ccity%29%2Cselected_worker%3Aprofiles%21jobs_selected_worker_id_fkey%28id%2Cfull_name%2Cavatar_url%2Crating_average%29&id=eq.c1c90b06-3197-4d10-aadf-f889d491e4d8:0
[  281094ms] [ERROR] Failed to load resource: net::ERR_CONNECTION_TIMED_OUT @ https://omcakemsuifgfanvepbs.supabase.co/rest/v1/jobs?select=*%2Cemployer%3Aprofiles%21jobs_employer_id_fkey%28id%2Cfull_name%2Cavatar_url%2Crating_average%2Ccity%29%2Cselected_worker%3Aprofiles%21jobs_selected_worker_id_fkey%28id%2Cfull_name%2Cavatar_url%2Crating_average%29&id=eq.c1c90b06-3197-4d10-aadf-f889d491e4d8:0
[  282889ms] [ERROR] Failed to load resource: net::ERR_CONNECTION_TIMED_OUT @ https://omcakemsuifgfanvepbs.supabase.co/rest/v1/payment_acknowledgments?select=*&job_id=eq.c1c90b06-3197-4d10-aadf-f889d491e4d8:0
[  284303ms] [LOG] [vite] server connection lost. Polling for restart... @ http://localhost:5173/@vite/client:559
[  284309ms] [ERROR] Failed to load resource: net::ERR_NETWORK_IO_SUSPENDED @ http://localhost:5173/:0
[  445085ms] [ERROR] Failed to load resource: net::ERR_NAME_NOT_RESOLVED @ https://omcakemsuifgfanvepbs.supabase.co/rest/v1/payment_acknowledgments?select=*&job_id=eq.c1c90b06-3197-4d10-aadf-f889d491e4d8:0
[  447778ms] [INFO] %cDownload the React DevTools for a better development experience: https://reactjs.org/link/react-devtools font-weight:bold @ http://localhost:5173/node_modules/.vite/deps/chunk-WERSD76P.js?v=de16e338:21550
