[   16885ms] [WARNING] [GSI_LOGGER]: Your client application uses one of the Google One Tap prompt UI status methods that may stop functioning when FedCM becomes mandatory. Refer to the migration guide to update your code accordingly and opt-in to FedCM to test your changes. Learn more: https://developers.google.com/identity/gsi/web/guides/fedcm-migration?s=dc#display_moment and https://developers.google.com/identity/gsi/web/guides/fedcm-migration?s=dc#skipped_moment @ https://accounts.google.com/gsi/client:86
[   21310ms] [WARNING] [GPT] PubAdsService.enableSingleRequest is deprecated, use googletag.setConfig({singleRequest: ...}) instead.
https://goo.gle/gpt-message#170 @ https://securepubads.g.doubleclick.net/pagead/managed/js/gpt/m202606020101/pubads_impl.js?cb=31098926:18
[   21325ms] [WARNING] [GPT] Slot.setCollapseEmptyDiv is deprecated, use Slot.setConfig({collapseDiv: ...}) instead.
https://goo.gle/gpt-message#171 @ https://securepubads.g.doubleclick.net/pagead/managed/js/gpt/m202606020101/pubads_impl.js?cb=31098926:18
[   21333ms] [WARNING] [GPT] [10017,10082,10061,10063,11307,11291,10097,11315,11296] passed to Slot.setTargeting is invalid and will soon no longer be supported. Please review your implementation and ensure all input values conform strictly to the data types defined.
https://goo.gle/gpt-message#185 @ https://securepubads.g.doubleclick.net/pagead/managed/js/gpt/m202606020101/pubads_impl.js?cb=31098926:18
[   21337ms] [WARNING] [GPT] [83,168,0,0,0,131,132,0,0,0,187,0,901,182,901,902,903] passed to Slot.setTargeting is invalid and will soon no longer be supported. Please review your implementation and ensure all input values conform strictly to the data types defined.
https://goo.gle/gpt-message#185 @ https://securepubads.g.doubleclick.net/pagead/managed/js/gpt/m202606020101/pubads_impl.js?cb=31098926:18
[   21339ms] [WARNING] [GPT] [20,21,22,23,24,25,26,27,28,29,30,760,761,813,815,816,817,818,819,893,899,903,917,918,919,1794,2310,2339,2526,2527,2761,2763,2764,2765,3054,3154,3430,3455,3456,3457,3458,3460,3682,3683,3684,3915,3919,3933,4184,4185,4186,4604,4605,5747,6044,6045,6293,6294,6295,6983,7036,7046,7060,7144,7605,7606,7607,7608,7609,7610,7611,7612,7613,7614,7615,7616,7617,7618,7788,7789,7790,7993,7994,7995,7996,7997,7998,7999,8057,8069,8168,8285,8287,8288,8289,8291,8292,8293,8297,8298,8301,8302,8304,8305,8306,8307,8308,8309,8310,8311,8313,8314,8315,8316,8317,8318,8319,8320,8321,8322,8323,8324,8325,8328,8329,8330,8331,8332,8337,8338,8339,8340,8341,8418,8419,8420,2030,4312,6772,3676,5534,7661,7713,774] passed to Slot.setTargeting is invalid and will soon no longer be supported. Please review your implementation and ensure all input values conform strictly to the data types defined.
https://goo.gle/gpt-message#185 @ https://securepubads.g.doubleclick.net/pagead/managed/js/gpt/m202606020101/pubads_impl.js?cb=31098926:18
[   22207ms] [ERROR] Attestation check for Protected Audience on https://tlx.3lift.com failed. @ https://plantuml.com/:0
[   22207ms] [ERROR] Attestation check for Protected Audience on https://web.ads.aps.amazon-adsystem.com failed. @ https://plantuml.com/:0
[   22208ms] [ERROR] Attestation check for Protected Audience on https://ssp.disqus.com failed. @ https://plantuml.com/:0
[   22208ms] [ERROR] Attestation check for Protected Audience on https://direct.adsrvr.org failed. @ https://plantuml.com/:0
[   22208ms] [ERROR] Attestation check for Protected Audience on https://onetag-sys.com failed. @ https://plantuml.com/:0
[   22209ms] [ERROR] Attestation check for Protected Audience on https://prebid.trustedstack.com failed. @ https://plantuml.com/:0
[   22209ms] [ERROR] Attestation check for Protected Audience on https://htlb.casalemedia.com failed. @ https://plantuml.com/:0
[   22209ms] [ERROR] Attestation check for Protected Audience on https://api.w.inmobi.com failed. @ https://plantuml.com/:0
[   22216ms] [ERROR] Attestation check for Protected Audience on https://hbopenbid.pubmatic.com failed. @ https://plantuml.com/:0
[   22882ms] [LOG] Called iframe: ads.pubmatic.com [] 
Number of topics:  0 @ https://ads.pubmatic.com/AdServer/js/topics/topics_frame.html?bidder=pubmatic:19
[   23115ms] [ERROR] Failed to load resource: the server responded with a status of 404 () @ https://js-sec.indexww.com/prebid/topics/topics_frame.html?bidder=ix:0
[   23147ms] [ERROR] Failed to load resource: the server responded with a status of 451 () @ https://api.rlcdn.com/api/identity/envelope?pid=14067:0
[   23394ms] [LOG] Called iframe: onetag-sys.com [] 
Number of topics:  0 @ https://onetag-sys.com/static/topicsapi.html?bidder=onetag:13
[   23439ms] [ERROR] Mixed Content: The page at 'https://plantuml.com/' was loaded over HTTPS, but requested an insecure frame 'http://www.optmd.com/'. This request has been blocked; the content must be served over HTTPS. @ https://js-sec.indexww.com/prebid/topics/topics_frame.html?bidder=ix:0
[   23474ms] [LOG] Called iframe: acdn.adnxs.com [] 
Number of topics:  0 @ https://acdn.adnxs.com/prebid/topics/topics_frame.html?bidder=appnexus:17
[   24213ms] [ERROR] Failed to load resource: the server responded with a status of 404 () @ https://btlr.sharethrough.com/topics/topics_frame.html?bidder=sharethrough:0
[   28600ms] [ERROR] Failed to load resource: the server responded with a status of 451 () @ https://api.rlcdn.com/api/identity/v2/envelope?pid=14067&atype=2&it=4&iv=560caa7e427fa1e346efed11b9ab417079d13695ef13cd8cdb12906aa931d282:0
[   29826ms] [LOG] [     2 ms] ============================== @ https://plantuml.github.io/plantuml/js-plantuml/plantuml.js:245
[   29858ms] [LOG] [    57 ms] [PSystemBuilder2] createDiagram start @ https://plantuml.github.io/plantuml/js-plantuml/plantuml.js:245
[   29864ms] [LOG] [    64 ms] [PSystemBuilder2] wip3 @ https://plantuml.github.io/plantuml/js-plantuml/plantuml.js:245
[   29911ms] [LOG] [   111 ms] [PSystemBuilder2] wip4 @ https://plantuml.github.io/plantuml/js-plantuml/plantuml.js:245
[   29912ms] [LOG] [   112 ms] [TimLoader] load wip20 @ https://plantuml.github.io/plantuml/js-plantuml/plantuml.js:245
[   29914ms] [LOG] [   114 ms] [TContext] executeLines start (85 lines) @ https://plantuml.github.io/plantuml/js-plantuml/plantuml.js:245
[   30008ms] [LOG] [   209 ms] [TContext] executeLines return null @ https://plantuml.github.io/plantuml/js-plantuml/plantuml.js:245
[   30009ms] [LOG] [   209 ms] [TimLoader] load wip30 @ https://plantuml.github.io/plantuml/js-plantuml/plantuml.js:245
[   30009ms] [LOG] [   210 ms] [PSystemBuilder2] createDiagram ok @ https://plantuml.github.io/plantuml/js-plantuml/plantuml.js:245
[   30023ms] [LOG] [   222 ms] [PSystemBuilder2] trying javaClass@723471715 @ https://plantuml.github.io/plantuml/js-plantuml/plantuml.js:245
[   30026ms] [LOG] [   225 ms] [SequenceDiagramFactory] createSystem @ https://plantuml.github.io/plantuml/js-plantuml/plantuml.js:245
[   30214ms] [LOG] [   414 ms] [PSystemBuilder2] trying javaClass@-1797600390 @ https://plantuml.github.io/plantuml/js-plantuml/plantuml.js:245
[   30214ms] [LOG] [   415 ms] [ClassDiagramFactory] createSystem @ https://plantuml.github.io/plantuml/js-plantuml/plantuml.js:245
[   30642ms] [LOG] [   843 ms] [PSystemBuilder2] ok! @ https://plantuml.github.io/plantuml/js-plantuml/plantuml.js:245
[   31137ms] [LOG] [  1337 ms] [DiagramChromeFactory] create [] @ https://plantuml.github.io/plantuml/js-plantuml/plantuml.js:245
[   31297ms] [LOG] [  1497 ms] PlantUML version 1.2026.6beta1 / 9825c04 [2026-06-02 18:41:38 UTC] @ https://plantuml.github.io/plantuml/js-plantuml/plantuml.js:246
[   31409ms] [WARNING] [GPT] Invalid value encountered when calling: googletag.slot.setConfig.targeting: {"adnum":2}
https://goo.gle/gpt-message#159 @ https://securepubads.g.doubleclick.net/pagead/managed/js/gpt/m202606020101/pubads_impl.js?cb=31098926:18
[   23115ms] [ERROR] Failed to load resource: the server responded with a status of 404 () @ https://js-sec.indexww.com/prebid/topics/topics_frame.html?bidder=ix:0
[   23439ms] [ERROR] Mixed Content: The page at 'https://plantuml.com/' was loaded over HTTPS, but requested an insecure frame 'http://www.optmd.com/'. This request has been blocked; the content must be served over HTTPS. @ https://js-sec.indexww.com/prebid/topics/topics_frame.html?bidder=ix:0
[   32830ms] [WARNING] [GPT] Using deprecated googletag.encryptedSignalProviders. Please use googletag.secureSignalProviders instead.
https://goo.gle/gpt-message#155 @ https://securepubads.g.doubleclick.net/pagead/managed/js/gpt/m202606020101/pubads_impl.js?cb=31098926:18
[   33371ms] [ERROR] Failed to load resource: net::ERR_NAME_NOT_RESOLVED @ https://cs.lkqd.net/cs?partnerId=59&redirect=https%3A%2F%2Fcm.g.doubleclick.net%2Fpixel%3Fgoogle_nid%3Dlkqd_dbm%26google_hm%3D%24%24rawlkqduserid%7Cbase64%24%24:0
[   33593ms] [ERROR] Failed to load resource: the server responded with a status of 404 () @ https://eb2.3lift.com/topics/topics_frame.html?bidder=triplelift:0
[   33593ms] [ERROR] Failed to load resource: the server responded with a status of 404 () @ https://eb2.3lift.com/topics/topics_frame.html?bidder=triplelift:0
[   34059ms] [ERROR] Failed to load resource: the server responded with a status of 400 () @ https://ups.analytics.yahoo.com/ups/58813/fed?gpp_sid=-1&gdpr=false&gdpr_consent=&v=1&url=https%3A%2F%2Fplantuml.com%2F:0
[   34228ms] [ERROR] Failed to load resource: net::ERR_NAME_NOT_RESOLVED @ https://cs.lkqd.net/cs?partnerId=59&partnerUserId=CAESEGnqHVUecErm8C4FJHphdBw&google_cver=1:0
[   34563ms] [WARNING] Google Deploy of the SharedId library has been deprecated. Please select another option in the GAM UI. If you use Prebid, we suggest the Prebid.js UserId option. If you do not, you may configure GAM to allow Google to share a first party user identifier with OB and AB participants, which is either the publisherProvidedId or the __gads value when that is missing. @ https://cdn.jsdelivr.net/gh/prebid/shared-id/pubcid.js/docs/pubcid.min.js:0
[   35055ms] [ERROR] Failed to load resource: net::ERR_CONNECTION_CLOSED @ https://csync.loopme.me/?pubid=11466&redirect=https%3A%2F%2Fdsum-sec.casalemedia.com%2Frum%3Fcm_dsp_id%3D24%26external_user_id%3D%7Bviewer_token%7D&us_privacy=&gdpr=&gdpr_consent=&gpp=&gpp_sid=:0
[   35738ms] [ERROR] Attestation check for Shared Storage on https://www.googleadservices.com failed. @ https://www.googleadservices.com/pagead/managed/js/activeview/current/reach_worklet.html:0
[   35976ms] [ERROR] Attestation check for Shared Storage on https://www.googleadservices.com failed. @ https://www.googleadservices.com/pagead/managed/js/activeview/current/reach_worklet.html:0
[   36568ms] Failed to read a named property 'addEventListener' from 'Window': Blocked a frame with origin "https://9669c6facc34a2c07d5ec96d5ef1854c.safeframe.googlesyndication.com" from accessing a cross-origin frame.
[   38021ms] [ERROR] Failed to load resource: net::ERR_NAME_NOT_RESOLVED @ https://ssbsync.smartadserver.com/api/sync?callerId=3&google_gid=CAESEM9oOJGA3PGD5j2iMlqQBdE&google_cver=1&google_push=AXcoOmRMVGfpvNFsWufN5fKxAcVilCKvS6w1PFZsuQa4jnfZbIjIEEctFdgwBLah_hwPgBhFUGR81LIHDkY1D4oOtgzBXFUUfYJU:0
[   35055ms] [ERROR] Failed to load resource: net::ERR_CONNECTION_CLOSED @ https://csync.loopme.me/?pubid=11466&redirect=https%3A%2F%2Fdsum-sec.casalemedia.com%2Frum%3Fcm_dsp_id%3D24%26external_user_id%3D%7Bviewer_token%7D&us_privacy=&gdpr=&gdpr_consent=&gpp=&gpp_sid=:0
[   38655ms] [ERROR] Failed to load resource: the server responded with a status of 400 () @ https://ssum-sec.casalemedia.com/usermatch?s=194558&cb=https%3A%2F%2Fu-las.4dex.io%2Fsetuid%3Fbidder%3Dindexexchange%26it%3Dortb%26uid%3D:0
[   38840ms] [ERROR] Failed to load resource: net::ERR_NAME_NOT_RESOLVED @ https://visitor-gen01.omnitagjs.com/visitor/bsync?uid=e60f57431e7a9861d59a42cd478b2ea2&name=gen01&url=https%3A%2F%2Fusersync-us.digital-services.solutions%2Fapi%2Fusersync%3Fpass_back%3D1%26partner%3Dopenweb%26external_uid%3DPARTNER_USER_ID%26gdpr%3DGDPR%26gdpr_consent%3DGDPR_CONSENT%26msg%3Dc39b00b6e9d5c1d80cdf73cb7d12516a619a9e3a2ffd7bddf29926ec01da14d1:0
[   38840ms] [ERROR] Failed to load resource: net::ERR_NAME_NOT_RESOLVED @ https://visitor-gen01.omnitagjs.com/visitor/bsync?uid=e60f57431e7a9861d59a42cd478b2ea2&name=gen01&url=https%3A%2F%2Fusersync-us.digital-services.solutions%2Fapi%2Fusersync%3Fpass_back%3D1%26partner%3Dopenweb%26external_uid%3DPARTNER_USER_ID%26gdpr%3DGDPR%26gdpr_consent%3DGDPR_CONSENT%26msg%3Dc39b00b6e9d5c1d80cdf73cb7d12516a619a9e3a2ffd7bddf29926ec01da14d1:0
[   38840ms] [ERROR] Failed to load resource: net::ERR_NAME_NOT_RESOLVED @ https://visitor-gen01.omnitagjs.com/visitor/bsync?uid=e60f57431e7a9861d59a42cd478b2ea2&name=gen01&url=https%3A%2F%2Fusersync-us.digital-services.solutions%2Fapi%2Fusersync%3Fpass_back%3D1%26partner%3Dopenweb%26external_uid%3DPARTNER_USER_ID%26gdpr%3DGDPR%26gdpr_consent%3DGDPR_CONSENT%26msg%3Dc39b00b6e9d5c1d80cdf73cb7d12516a619a9e3a2ffd7bddf29926ec01da14d1:0
[   40297ms] [ERROR] Failed to load resource: the server responded with a status of 404 () @ https://cs.krushmedia.com/4831fbf13dd518a56346a6e0ec8ba9d5.gif?puid=ID5-8-8cbcfd46-29ad-4333-8931-7e74c5939157&redir=https%3A%2F%2Fsync.inmobi.com%2Fsetuid%3FbidderID%3D1315%26dspUserId%3D%5BUID%5D&gdpr=0&gdpr_consent=:0
[   43237ms] [ERROR] Failed to load resource: net::ERR_CERT_DATE_INVALID @ https://measureadv.com/user?gdpr=0&gdpr_consent=&usp_consent=&p=4:0
[   54261ms] [ERROR] Failed to load resource: the server responded with a status of 404 () @ https://id5-sync.com/k/285.gif?puid=MPZ9E2EW-1N-D93J&gdpr=0:0
[   54626ms] [ERROR] Failed to load resource: the server responded with a status of 404 () @ https://id5-sync.com/k/285.gif?puid=MPZ9E2EW-1N-D93J&gdpr=0:0
[   59043ms] [ERROR] Attestation check for Protected Audience on https://htlb.casalemedia.com failed. @ https://plantuml.com/:0
[   59044ms] [ERROR] Attestation check for Protected Audience on https://api.w.inmobi.com failed. @ https://plantuml.com/:0
[   59044ms] [ERROR] Attestation check for Protected Audience on https://tlx.3lift.com failed. @ https://plantuml.com/:0
[   59044ms] [ERROR] Attestation check for Protected Audience on https://direct.adsrvr.org failed. @ https://plantuml.com/:0
[   59044ms] [ERROR] Attestation check for Protected Audience on https://ssp.disqus.com failed. @ https://plantuml.com/:0
[   59044ms] [ERROR] Attestation check for Protected Audience on https://web.ads.aps.amazon-adsystem.com failed. @ https://plantuml.com/:0
[   59044ms] [ERROR] Attestation check for Protected Audience on https://prebid.trustedstack.com failed. @ https://plantuml.com/:0
[   59044ms] [ERROR] Attestation check for Protected Audience on https://onetag-sys.com failed. @ https://plantuml.com/:0
[   59051ms] [ERROR] Attestation check for Protected Audience on https://hbopenbid.pubmatic.com failed. @ https://plantuml.com/:0
[   61464ms] [WARNING] [GPT] Invalid value encountered when calling: googletag.slot.setConfig.targeting: {"hb_ssid":10082}
https://goo.gle/gpt-message#159 @ https://securepubads.g.doubleclick.net/pagead/managed/js/gpt/m202606020101/pubads_impl.js?cb=31098926:18
[   61474ms] [WARNING] [GPT] Invalid value encountered when calling: googletag.slot.setConfig.targeting: {"hb_opt":0.11}
https://goo.gle/gpt-message#159 @ https://securepubads.g.doubleclick.net/pagead/managed/js/gpt/m202606020101/pubads_impl.js?cb=31098926:18
[   62287ms] [WARNING] [GPT] Invalid value encountered when calling: googletag.slot.setConfig.targeting: {"hb_ssid":10082}
https://goo.gle/gpt-message#159 @ https://securepubads.g.doubleclick.net/pagead/managed/js/gpt/m202606020101/pubads_impl.js?cb=31098926:18
[   62288ms] [WARNING] [GPT] Invalid value encountered when calling: googletag.slot.setConfig.targeting: {"hb_opt":0.11}
https://goo.gle/gpt-message#159 @ https://securepubads.g.doubleclick.net/pagead/managed/js/gpt/m202606020101/pubads_impl.js?cb=31098926:18
[   63042ms] [WARNING] [GPT] Invalid value encountered when calling: googletag.slot.setConfig.targeting: {"hb_ssid":10082}
https://goo.gle/gpt-message#159 @ https://securepubads.g.doubleclick.net/pagead/managed/js/gpt/m202606020101/pubads_impl.js?cb=31098926:18
[   63043ms] [WARNING] [GPT] Invalid value encountered when calling: googletag.slot.setConfig.targeting: {"hb_opt":0.11}
https://goo.gle/gpt-message#159 @ https://securepubads.g.doubleclick.net/pagead/managed/js/gpt/m202606020101/pubads_impl.js?cb=31098926:18
[   64202ms] [WARNING] [GPT] Invalid value encountered when calling: googletag.slot.setConfig.targeting: {"adnum":2}
https://goo.gle/gpt-message#159 @ https://securepubads.g.doubleclick.net/pagead/managed/js/gpt/m202606020101/pubads_impl.js?cb=31098926:18
[   64237ms] [INFO] Slow network is detected. See https://www.chromestatus.com/feature/5636954674692096 for more details. Fallback font will be used while loading: https://fonts.gstatic.com/s/opensans/v44/memvYaGs126MiZpBA-UvWbX2vVnXBbObj2OVTS-muw.woff2 @ https://plantuml.com/:0
[   64316ms] [INFO] Powered by AMP ⚡ HTML – Version 2605071401000 https://plantuml.com/ @ https://cdn.ampproject.org/rtv/012605071401000/amp4ads-v0.mjs:1
[   91791ms] [ERROR] Attestation check for Protected Audience on https://direct.adsrvr.org failed. @ https://plantuml.com/:0
[   91791ms] [ERROR] Attestation check for Protected Audience on https://ssp.disqus.com failed. @ https://plantuml.com/:0
[   91791ms] [ERROR] Attestation check for Protected Audience on https://prebid.trustedstack.com failed. @ https://plantuml.com/:0
[   91791ms] [ERROR] Attestation check for Protected Audience on https://api.w.inmobi.com failed. @ https://plantuml.com/:0
[   91791ms] [ERROR] Attestation check for Protected Audience on https://web.ads.aps.amazon-adsystem.com failed. @ https://plantuml.com/:0
[   91791ms] [ERROR] Attestation check for Protected Audience on https://onetag-sys.com failed. @ https://plantuml.com/:0
[   91792ms] [ERROR] Attestation check for Protected Audience on https://tlx.3lift.com failed. @ https://plantuml.com/:0
[   91793ms] [ERROR] Attestation check for Protected Audience on https://htlb.casalemedia.com failed. @ https://plantuml.com/:0
[   91798ms] [ERROR] Attestation check for Protected Audience on https://hbopenbid.pubmatic.com failed. @ https://plantuml.com/:0
[   94233ms] [WARNING] [GPT] Invalid value encountered when calling: googletag.slot.setConfig.targeting: {"hb_ssid":10082}
https://goo.gle/gpt-message#159 @ https://securepubads.g.doubleclick.net/pagead/managed/js/gpt/m202606020101/pubads_impl.js?cb=31098926:18
[   94236ms] [WARNING] [GPT] Invalid value encountered when calling: googletag.slot.setConfig.targeting: {"hb_opt":0.11}
https://goo.gle/gpt-message#159 @ https://securepubads.g.doubleclick.net/pagead/managed/js/gpt/m202606020101/pubads_impl.js?cb=31098926:18
[   95112ms] [WARNING] [GPT] Invalid value encountered when calling: googletag.slot.setConfig.targeting: {"adnum":2}
https://goo.gle/gpt-message#159 @ https://securepubads.g.doubleclick.net/pagead/managed/js/gpt/m202606020101/pubads_impl.js?cb=31098926:18
[   33371ms] [ERROR] Failed to load resource: net::ERR_NAME_NOT_RESOLVED @ https://cs.lkqd.net/cs?partnerId=59&redirect=https%3A%2F%2Fcm.g.doubleclick.net%2Fpixel%3Fgoogle_nid%3Dlkqd_dbm%26google_hm%3D%24%24rawlkqduserid%7Cbase64%24%24:0
[   34228ms] [ERROR] Failed to load resource: net::ERR_NAME_NOT_RESOLVED @ https://cs.lkqd.net/cs?partnerId=59&partnerUserId=CAESEGnqHVUecErm8C4FJHphdBw&google_cver=1:0
[   38021ms] [ERROR] Failed to load resource: net::ERR_NAME_NOT_RESOLVED @ https://ssbsync.smartadserver.com/api/sync?callerId=3&google_gid=CAESEM9oOJGA3PGD5j2iMlqQBdE&google_cver=1&google_push=AXcoOmRMVGfpvNFsWufN5fKxAcVilCKvS6w1PFZsuQa4jnfZbIjIEEctFdgwBLah_hwPgBhFUGR81LIHDkY1D4oOtgzBXFUUfYJU:0
[   97236ms] [ERROR] Attestation check for Shared Storage on https://www.googleadservices.com failed. @ https://www.googleadservices.com/pagead/managed/js/activeview/current/reach_worklet.html:0
[   97321ms] [ERROR] Attestation check for Shared Storage on https://www.googleadservices.com failed. @ https://www.googleadservices.com/pagead/managed/js/activeview/current/reach_worklet.html:0
[   35055ms] [ERROR] Failed to load resource: net::ERR_CONNECTION_CLOSED @ https://csync.loopme.me/?pubid=11466&redirect=https%3A%2F%2Fdsum-sec.casalemedia.com%2Frum%3Fcm_dsp_id%3D24%26external_user_id%3D%7Bviewer_token%7D&us_privacy=&gdpr=&gdpr_consent=&gpp=&gpp_sid=:0
[   38655ms] [ERROR] Failed to load resource: the server responded with a status of 400 () @ https://ssum-sec.casalemedia.com/usermatch?s=194558&cb=https%3A%2F%2Fu-las.4dex.io%2Fsetuid%3Fbidder%3Dindexexchange%26it%3Dortb%26uid%3D:0
[  122754ms] [ERROR] Attestation check for Protected Audience on https://onetag-sys.com failed. @ https://plantuml.com/:0
[  122754ms] [ERROR] Attestation check for Protected Audience on https://api.w.inmobi.com failed. @ https://plantuml.com/:0
[  122754ms] [ERROR] Attestation check for Protected Audience on https://htlb.casalemedia.com failed. @ https://plantuml.com/:0
[  122754ms] [ERROR] Attestation check for Protected Audience on https://ssp.disqus.com failed. @ https://plantuml.com/:0
[  122754ms] [ERROR] Attestation check for Protected Audience on https://prebid.trustedstack.com failed. @ https://plantuml.com/:0
[  122754ms] [ERROR] Attestation check for Protected Audience on https://tlx.3lift.com failed. @ https://plantuml.com/:0
[  122755ms] [ERROR] Attestation check for Protected Audience on https://web.ads.aps.amazon-adsystem.com failed. @ https://plantuml.com/:0
[  122755ms] [ERROR] Attestation check for Protected Audience on https://direct.adsrvr.org failed. @ https://plantuml.com/:0
[  122763ms] [ERROR] Attestation check for Protected Audience on https://hbopenbid.pubmatic.com failed. @ https://plantuml.com/:0
[  134109ms] [ERROR] Failed to load resource: net::ERR_CONNECTION_RESET @ https://web.ads.aps.amazon-adsystem.com/e/pb/bid:0
[  134773ms] [ERROR] Access to fetch at 'https://direct.adsrvr.org/bid/bidder/ezoic' from origin 'https://plantuml.com' has been blocked by CORS policy: No 'Access-Control-Allow-Origin' header is present on the requested resource. @ https://plantuml.com/:0
[  134776ms] [ERROR] Failed to load resource: net::ERR_FAILED @ https://direct.adsrvr.org/bid/bidder/ezoic:0
[  137985ms] Failed to read a named property 'addEventListener' from 'Window': Blocked a frame with origin "https://9669c6facc34a2c07d5ec96d5ef1854c.safeframe.googlesyndication.com" from accessing a cross-origin frame.
[  140008ms] [WARNING] [GPT] Invalid value encountered when calling: googletag.slot.setConfig.targeting: {"hb_ssid":10082}
https://goo.gle/gpt-message#159 @ https://securepubads.g.doubleclick.net/pagead/managed/js/gpt/m202606020101/pubads_impl.js?cb=31098926:18
[  140010ms] [WARNING] [GPT] Invalid value encountered when calling: googletag.slot.setConfig.targeting: {"hb_opt":0.11}
https://goo.gle/gpt-message#159 @ https://securepubads.g.doubleclick.net/pagead/managed/js/gpt/m202606020101/pubads_impl.js?cb=31098926:18
[  140754ms] [WARNING] [GPT] Invalid value encountered when calling: googletag.slot.setConfig.targeting: {"hb_ssid":10082}
https://goo.gle/gpt-message#159 @ https://securepubads.g.doubleclick.net/pagead/managed/js/gpt/m202606020101/pubads_impl.js?cb=31098926:18
[  142264ms] [INFO] Powered by AMP ⚡ HTML – Version 2605071401000 https://plantuml.com/ @ https://cdn.ampproject.org/rtv/012605071401000/amp4ads-v0.mjs:1
[  169880ms] [ERROR] Attestation check for Protected Audience on https://prebid.trustedstack.com failed. @ https://plantuml.com/:0
[  169881ms] [ERROR] Attestation check for Protected Audience on https://direct.adsrvr.org failed. @ https://plantuml.com/:0
[  169881ms] [ERROR] Attestation check for Protected Audience on https://api.w.inmobi.com failed. @ https://plantuml.com/:0
[  169882ms] [ERROR] Attestation check for Protected Audience on https://ssp.disqus.com failed. @ https://plantuml.com/:0
[  169884ms] [ERROR] Attestation check for Protected Audience on https://tlx.3lift.com failed. @ https://plantuml.com/:0
[  169886ms] [ERROR] Attestation check for Protected Audience on https://onetag-sys.com failed. @ https://plantuml.com/:0
[  169887ms] [ERROR] Attestation check for Protected Audience on https://web.ads.aps.amazon-adsystem.com failed. @ https://plantuml.com/:0
[  169889ms] [ERROR] Attestation check for Protected Audience on https://htlb.casalemedia.com failed. @ https://plantuml.com/:0
[  169923ms] [ERROR] Attestation check for Protected Audience on https://hbopenbid.pubmatic.com failed. @ https://plantuml.com/:0
[  174051ms] [INFO] Powered by AMP ⚡ HTML – Version 2605071401000 https://plantuml.com/ @ https://cdn.ampproject.org/rtv/012605071401000/amp4ads-v0.mjs:1
[  231682ms] [ERROR] Attestation check for Protected Audience on https://tlx.3lift.com failed. @ https://plantuml.com/:0
[  231682ms] [ERROR] Attestation check for Protected Audience on https://prebid.trustedstack.com failed. @ https://plantuml.com/:0
[  231682ms] [ERROR] Attestation check for Protected Audience on https://direct.adsrvr.org failed. @ https://plantuml.com/:0
[  231683ms] [ERROR] Attestation check for Protected Audience on https://onetag-sys.com failed. @ https://plantuml.com/:0
[  231683ms] [ERROR] Attestation check for Protected Audience on https://htlb.casalemedia.com failed. @ https://plantuml.com/:0
[  231684ms] [ERROR] Attestation check for Protected Audience on https://api.w.inmobi.com failed. @ https://plantuml.com/:0
[  231684ms] [ERROR] Attestation check for Protected Audience on https://ssp.disqus.com failed. @ https://plantuml.com/:0
[  231684ms] [ERROR] Attestation check for Protected Audience on https://web.ads.aps.amazon-adsystem.com failed. @ https://plantuml.com/:0
[  231732ms] [ERROR] Attestation check for Protected Audience on https://hbopenbid.pubmatic.com failed. @ https://plantuml.com/:0
[   33371ms] [ERROR] Failed to load resource: net::ERR_NAME_NOT_RESOLVED @ https://cs.lkqd.net/cs?partnerId=59&redirect=https%3A%2F%2Fcm.g.doubleclick.net%2Fpixel%3Fgoogle_nid%3Dlkqd_dbm%26google_hm%3D%24%24rawlkqduserid%7Cbase64%24%24:0
[   34228ms] [ERROR] Failed to load resource: net::ERR_NAME_NOT_RESOLVED @ https://cs.lkqd.net/cs?partnerId=59&partnerUserId=CAESEGnqHVUecErm8C4FJHphdBw&google_cver=1:0
[   38021ms] [ERROR] Failed to load resource: net::ERR_NAME_NOT_RESOLVED @ https://ssbsync.smartadserver.com/api/sync?callerId=3&google_gid=CAESEM9oOJGA3PGD5j2iMlqQBdE&google_cver=1&google_push=AXcoOmRMVGfpvNFsWufN5fKxAcVilCKvS6w1PFZsuQa4jnfZbIjIEEctFdgwBLah_hwPgBhFUGR81LIHDkY1D4oOtgzBXFUUfYJU:0
[  238362ms] [ERROR] Attestation check for Shared Storage on https://www.googleadservices.com failed. @ https://www.googleadservices.com/pagead/managed/js/activeview/current/reach_worklet.html:0
[  238447ms] [ERROR] Attestation check for Shared Storage on https://www.googleadservices.com failed. @ https://www.googleadservices.com/pagead/managed/js/activeview/current/reach_worklet.html:0
[   35055ms] [ERROR] Failed to load resource: net::ERR_CONNECTION_CLOSED @ https://csync.loopme.me/?pubid=11466&redirect=https%3A%2F%2Fdsum-sec.casalemedia.com%2Frum%3Fcm_dsp_id%3D24%26external_user_id%3D%7Bviewer_token%7D&us_privacy=&gdpr=&gdpr_consent=&gpp=&gpp_sid=:0
[   38655ms] [ERROR] Failed to load resource: the server responded with a status of 400 () @ https://ssum-sec.casalemedia.com/usermatch?s=194558&cb=https%3A%2F%2Fu-las.4dex.io%2Fsetuid%3Fbidder%3Dindexexchange%26it%3Dortb%26uid%3D:0
[  243803ms] [ERROR] Failed to load resource: the server responded with a status of 404 () @ https://id5-sync.com/k/285.gif?puid=MPZ9E2EW-1N-D93J&gdpr=0:0
[  273727ms] Failed to read a named property 'addEventListener' from 'Window': Blocked a frame with origin "https://9669c6facc34a2c07d5ec96d5ef1854c.safeframe.googlesyndication.com" from accessing a cross-origin frame.
[  294296ms] [ERROR] Attestation check for Protected Audience on https://ssp.disqus.com failed. @ https://plantuml.com/:0
[  294296ms] [ERROR] Attestation check for Protected Audience on https://api.w.inmobi.com failed. @ https://plantuml.com/:0
[  294297ms] [ERROR] Attestation check for Protected Audience on https://tlx.3lift.com failed. @ https://plantuml.com/:0
[  294297ms] [ERROR] Attestation check for Protected Audience on https://direct.adsrvr.org failed. @ https://plantuml.com/:0
[  294297ms] [ERROR] Attestation check for Protected Audience on https://prebid.trustedstack.com failed. @ https://plantuml.com/:0
[  294298ms] [ERROR] Attestation check for Protected Audience on https://web.ads.aps.amazon-adsystem.com failed. @ https://plantuml.com/:0
[  294298ms] [ERROR] Attestation check for Protected Audience on https://onetag-sys.com failed. @ https://plantuml.com/:0
[  294298ms] [ERROR] Attestation check for Protected Audience on https://htlb.casalemedia.com failed. @ https://plantuml.com/:0
[  294335ms] [ERROR] Attestation check for Protected Audience on https://hbopenbid.pubmatic.com failed. @ https://plantuml.com/:0
[  301854ms] [INFO] Powered by AMP ⚡ HTML – Version 2605071401000 https://plantuml.com/ @ https://cdn.ampproject.org/rtv/012605071401000/amp4ads-v0.mjs:1
[  359382ms] [ERROR] Attestation check for Protected Audience on https://ssp.disqus.com failed. @ https://plantuml.com/:0
[  359382ms] [ERROR] Attestation check for Protected Audience on https://direct.adsrvr.org failed. @ https://plantuml.com/:0
[  359382ms] [ERROR] Attestation check for Protected Audience on https://api.w.inmobi.com failed. @ https://plantuml.com/:0
[  359383ms] [ERROR] Attestation check for Protected Audience on https://htlb.casalemedia.com failed. @ https://plantuml.com/:0
[  359383ms] [ERROR] Attestation check for Protected Audience on https://onetag-sys.com failed. @ https://plantuml.com/:0
[  359383ms] [ERROR] Attestation check for Protected Audience on https://prebid.trustedstack.com failed. @ https://plantuml.com/:0
[  359383ms] [ERROR] Attestation check for Protected Audience on https://web.ads.aps.amazon-adsystem.com failed. @ https://plantuml.com/:0
[  359383ms] [ERROR] Attestation check for Protected Audience on https://tlx.3lift.com failed. @ https://plantuml.com/:0
[  359387ms] [ERROR] Attestation check for Protected Audience on https://hbopenbid.pubmatic.com failed. @ https://plantuml.com/:0
[  365903ms] [INFO] Powered by AMP ⚡ HTML – Version 2605071401000 https://plantuml.com/ @ https://cdn.ampproject.org/rtv/012605071401000/amp4ads-v0.mjs:1
[  374748ms] [WARNING] [Meta Pixel] - Duplicate Pixel ID: 973535300821278. @ https://connect.facebook.net/en_US/fbevents.js:183
[  453440ms] [ERROR] Attestation check for Protected Audience on https://api.w.inmobi.com failed. @ https://plantuml.com/:0
[  453440ms] [ERROR] Attestation check for Protected Audience on https://prebid.trustedstack.com failed. @ https://plantuml.com/:0
[  453440ms] [ERROR] Attestation check for Protected Audience on https://onetag-sys.com failed. @ https://plantuml.com/:0
[  453440ms] [ERROR] Attestation check for Protected Audience on https://htlb.casalemedia.com failed. @ https://plantuml.com/:0
[  453440ms] [ERROR] Attestation check for Protected Audience on https://ssp.disqus.com failed. @ https://plantuml.com/:0
[  453440ms] [ERROR] Attestation check for Protected Audience on https://tlx.3lift.com failed. @ https://plantuml.com/:0
[  453441ms] [ERROR] Attestation check for Protected Audience on https://direct.adsrvr.org failed. @ https://plantuml.com/:0
[  453441ms] [ERROR] Attestation check for Protected Audience on https://web.ads.aps.amazon-adsystem.com failed. @ https://plantuml.com/:0
[  453445ms] [ERROR] Attestation check for Protected Audience on https://hbopenbid.pubmatic.com failed. @ https://plantuml.com/:0
[  462373ms] [INFO] Powered by AMP ⚡ HTML – Version 2605071401000 https://plantuml.com/ @ https://cdn.ampproject.org/rtv/012605071401000/amp4ads-v0.mjs:1
[  484840ms] [ERROR] Failed to load resource: net::ERR_TIMED_OUT @ https://hbopenbid.pubmatic.com/translator?source=prebid-client&gzip=1:0
